[2021-01-31T15:14:51.764804+03:00] main.WARNING: warning [] []
[2021-01-31T15:14:51.766646+03:00] main.ERROR: error [] []
[2021-01-31T15:14:52.775492+03:00] main.WARNING: 1 [] []
[2021-01-31T15:18:12.269120+03:00] main.WARNING: warning [] []
[2021-01-31T15:18:12.270882+03:00] main.INFO: info [] []
[2021-01-31T15:18:12.270912+03:00] main.ERROR: error [] []
[2021-01-31T15:18:12.270926+03:00] main.NOTICE: notice [] []
[2021-01-31T15:18:13.271250+03:00] main.WARNING: 1 [] []
[2021-01-31T15:18:13.271643+03:00] main.INFO: 662272 [] []
[2021-01-31T15:23:45.526969+03:00] main.WARNING: warning [] []
[2021-01-31T15:23:45.527660+03:00] main.INFO: info [] []
[2021-01-31T15:23:45.527683+03:00] main.DEBUG: debug [] []
[2021-01-31T15:23:45.527698+03:00] main.ERROR: error [] []
[2021-01-31T15:23:45.527710+03:00] main.NOTICE: notice [] []
[2021-01-31T15:23:46.528353+03:00] main.WARNING: 1 [] []
[2021-01-31T15:23:46.529014+03:00] main.INFO: 662272 [] []
[2021-01-31T15:26:13.265958+03:00] main.WARNING: warning [] []
[2021-01-31T15:26:13.267177+03:00] main.INFO: info [] []
[2021-01-31T15:26:13.267245+03:00] main.DEBUG: debug [] []
[2021-01-31T15:26:13.267271+03:00] main.ERROR: error [] []
[2021-01-31T15:26:13.267293+03:00] main.NOTICE: notice [] []
[2021-01-31T15:26:14.267811+03:00] main.WARNING: 1 [] []
[2021-01-31T15:26:14.267887+03:00] main.INFO: 662272 [] []
